<?xml version="1.0" encoding="UTF-8"?>
<!-- Generated by org.testng.reporters.JUnitReportReporter -->
<testsuite skipped="0" hostname="IBM-SAVANNA" name="testCases.LoginTestCase" tests="3" failures="0" timestamp="14 mai 2018 01:46:43 GMT" time="6.089" errors="0">
  <testcase name="insertTextPassword" time="1.120" classname="testCases.LoginTestCase"/>
  <testcase name="clickLogin" time="3.838" classname="testCases.LoginTestCase"/>
  <testcase name="insertTextAdmin" time="1.131" classname="testCases.LoginTestCase"/>
</testsuite> <!-- testCases.LoginTestCase -->
